Watching for file changes with StatReloader
Form data: name=Oluwatobiloba Olakunle, phone=9058120048, email=tboad04@gmail.com, date_in=30 July, 2025,30 July, 2025, date_out=30 July, 2025,30 July, 2025, adults=3, child=3, message=bnbnbbbbbbbbbbbb
Not Found: /reservation/images/hero_4.jpg
Form data: name=Oluwatobiloba Olakunle, phone=09058120048, email=odutolaadewale8@gmail.com, date_in=30 July, 2025,30 July, 2025, date_out=30 July, 2025,30 July, 2025, adults=2, child=1, message=zzHJzxXXXXXXXXXXXXX
Failed to send email: Connection unexpectedly closed
Not Found: /reservation/images/hero_4.jpg
Form data: name=Oluwatobiloba Olakunle, phone=09058120048, email=odutolaadewale8@gmail.com, date_in=30 July, 2025,30 July, 2025, date_out=30 July, 2025,30 July, 2025, adults=2, child=1, message=zzHJzxXXXXXXXXXXXXX
Not Found: /reservation/images/hero_4.jpg
Not Found: /contact/images/hero_4.jpg
Not Found: /reservation/images/hero_4.jpg
Form data: name=h m, phone=9058120048, email=toyyibatata90@gmail.com, date_in=2025-12-04, date_out=2025-02-03, adults=2, child=3, message=bbbbbbbbbbbbbbbbbbbbbjjjjj
Form data: name=h m, phone=9058120048, email=toyyibatata90@gmail.com, date_in=2025-12-04, date_out=2025-02-03, adults=2, child=3, message=bbbbbbbbbbbbbbbbbbbbbjjjjj
Not Found: /reservation/images/hero_4.jpg
Failed to send email: Connection unexpectedly closed
Not Found: /reservation/images/hero_4.jpg
C:\Users\PC\Desktop\Ivory Haven\ivory\suite\views.py changed, reloading.
Watching for file changes with StatReloader
Not Found: /images/hero_4.jpg
Not Found: /images/hero_3.jpg
Not Found: /.well-known/appspecific/com.chrome.devtools.json
Not Found: /reservation/images/hero_4.jpg
Sending reservation email from tboad04@gmail.com for Oluwatobiloba Olakunle
Reservation email sent successfully
Not Found: /reservation/images/hero_4.jpg
Not Found: /contact/images/hero_4.jpg
Sending email from tboad04@gmail.com with message: Expensive room
Email sent successfully
Not Found: /contact/images/hero_4.jpg
Not Found: /images/hero_3.jpg
Not Found: /images/hero_4.jpg
Not Found: /rooms/images/img_1.jpg
Not Found: /rooms/images/img_2.jpg
Not Found: /rooms/images/hero_4.jpg
Not Found: /about/images/person_1.jpg
Not Found: /about/images/person_3.jpg
Not Found: /about/images/hero_4.jpg
Not Found: /about/images/person_2.jpg
Not Found: /events/images/hero_4.jpg
Not Found: /contact/images/hero_4.jpg
Sending email from tboad04@gmail.com with message: A room 
Email sent successfully
Not Found: /contact/images/hero_4.jpg
Not Found: /reservation/images/hero_4.jpg
Sending reservation email from tboad04@gmail.com for Oluwatobiloba Olakunle
Reservation email sent successfully
Not Found: /reservation/images/hero_4.jpg
C:\Users\PC\Desktop\Ivory Haven\ivory\suite\apps.py changed, reloading.
Watching for file changes with StatReloader
